  Source.c
C:\Users\distr\Desktop\Лабы прог\Курсовая_по_программированию\Курсовая_по_программированию\Source.c(54,10): warning C4098: output: функция типа "void", возвращающая значение
C:\Users\distr\Desktop\Лабы прог\Курсовая_по_программированию\Курсовая_по_программированию\Source.c(179,9): warning C4477: "scanf": в строке форматирования "%s" требуется аргумент типа "char *", но вариативный аргумент "1" имеет тип "short *"
C:\Users\distr\Desktop\Лабы прог\Курсовая_по_программированию\Курсовая_по_программированию\Source.c(179,9): message : рекомендуется использовать "%ls" в строке форматирования
C:\Users\distr\Desktop\Лабы прог\Курсовая_по_программированию\Курсовая_по_программированию\Source.c(179,9): message : рекомендуется использовать "%lls" в строке форматирования
C:\Users\distr\Desktop\Лабы прог\Курсовая_по_программированию\Курсовая_по_программированию\Source.c(179,9): message : рекомендуется использовать "%Ls" в строке форматирования
C:\Users\distr\Desktop\Лабы прог\Курсовая_по_программированию\Курсовая_по_программированию\Source.c(179,9): message : рекомендуется использовать "%ws" в строке форматирования
C:\Users\distr\Desktop\Лабы прог\Курсовая_по_программированию\Курсовая_по_программированию\Source.c(182,27): warning C4047: =: "short" отличается по уровням косвенного обращения от "char *"
C:\Users\distr\Desktop\Лабы прог\Курсовая_по_программированию\Курсовая_по_программированию\Source.c(192,9): warning C4477: "scanf": в строке форматирования "%s" требуется аргумент типа "char *", но вариативный аргумент "1" имеет тип "short *"
C:\Users\distr\Desktop\Лабы прог\Курсовая_по_программированию\Курсовая_по_программированию\Source.c(192,9): message : рекомендуется использовать "%ls" в строке форматирования
C:\Users\distr\Desktop\Лабы прог\Курсовая_по_программированию\Курсовая_по_программированию\Source.c(192,9): message : рекомендуется использовать "%lls" в строке форматирования
C:\Users\distr\Desktop\Лабы прог\Курсовая_по_программированию\Курсовая_по_программированию\Source.c(192,9): message : рекомендуется использовать "%Ls" в строке форматирования
C:\Users\distr\Desktop\Лабы прог\Курсовая_по_программированию\Курсовая_по_программированию\Source.c(192,9): message : рекомендуется использовать "%ws" в строке форматирования
C:\Users\distr\Desktop\Лабы прог\Курсовая_по_программированию\Курсовая_по_программированию\Source.c(195,33): warning C4047: =: "short" отличается по уровням косвенного обращения от "char *"
C:\Users\distr\Desktop\Лабы прог\Курсовая_по_программированию\Курсовая_по_программированию\Source.c(205,9): warning C4477: "scanf": в строке форматирования "%s" требуется аргумент типа "char *", но вариативный аргумент "1" имеет тип "short *"
C:\Users\distr\Desktop\Лабы прог\Курсовая_по_программированию\Курсовая_по_программированию\Source.c(205,9): message : рекомендуется использовать "%ls" в строке форматирования
C:\Users\distr\Desktop\Лабы прог\Курсовая_по_программированию\Курсовая_по_программированию\Source.c(205,9): message : рекомендуется использовать "%lls" в строке форматирования
C:\Users\distr\Desktop\Лабы прог\Курсовая_по_программированию\Курсовая_по_программированию\Source.c(205,9): message : рекомендуется использовать "%Ls" в строке форматирования
C:\Users\distr\Desktop\Лабы прог\Курсовая_по_программированию\Курсовая_по_программированию\Source.c(205,9): message : рекомендуется использовать "%ws" в строке форматирования
C:\Users\distr\Desktop\Лабы прог\Курсовая_по_программированию\Курсовая_по_программированию\Source.c(208,37): warning C4047: =: "short" отличается по уровням косвенного обращения от "char *"
C:\Users\distr\Desktop\Лабы прог\Курсовая_по_программированию\Курсовая_по_программированию\Source.c(234): warning C4716: search: должна возвращать значение
C:\Users\distr\Desktop\Лабы прог\Курсовая_по_программированию\Курсовая_по_программированию\Source.c(158): warning C4716: search_output: должна возвращать значение
  Курсовая_по_программированию.vcxproj -> C:\Users\distr\Desktop\Лабы прог\Курсовая_по_программированию\x64\Debug\Курсовая_по_программированию.exe
